Error: Unable to access jarfile Pongdang_Server2-0.0.1-SNAPSHOT.jar
Error: Unable to access jarfile Pongdang_Server2-0.0.1-SNAPSHOT.jar
Error: Unable to access jarfile Pongdang_Server2-0.0.1-SNAPSHOT.jar

  .   ____          _            __ _ _
 /\\ / ___'_ __ _ _(_)_ __  __ _ \ \ \ \
( ( )\___ | '_ | '_| | '_ \/ _` | \ \ \ \
 \\/  ___)| |_)| | | | | || (_| |  ) ) ) )
  '  |____| .__|_| |_|_| |_\__, | / / / /
 =========|_|==============|___/=/_/_/_/
 :: Spring Boot ::                (v2.7.4)

2023-06-13 13:40:12.970  INFO 12149 --- [           main] c.P.PongdangServer2Application           : Starting PongdangServer2Application using Java 1.8.0_362 on ip-172-31-32-42.ap-northeast-2.compute.internal with PID 12149 (/usr/share/nginx/Pongdang_Server2/build/libs/Pongdang_Server2-0.0.1-SNAPSHOT.jar started by root in /usr/share/nginx/Pongdang_Server2)
2023-06-13 13:40:12.974  INFO 12149 --- [           main] c.P.PongdangServer2Application           : The following 1 profile is active: "prod"
2023-06-13 13:40:14.855  INFO 12149 --- [           main] .s.d.r.c.RepositoryConfigurationDelegate : Bootstrapping Spring Data JPA repositories in DEFAULT mode.
2023-06-13 13:40:14.897  INFO 12149 --- [           main] .s.d.r.c.RepositoryConfigurationDelegate : Finished Spring Data repository scanning in 15 ms. Found 0 JPA repository interfaces.
2023-06-13 13:40:16.842  INFO 12149 --- [           main] o.s.b.w.embedded.tomcat.TomcatWebServer  : Tomcat initialized with port(s): 8001 (http)
2023-06-13 13:40:16.876  INFO 12149 --- [           main] o.apache.catalina.core.StandardService   : Starting service [Tomcat]
2023-06-13 13:40:16.876  INFO 12149 --- [           main] org.apache.catalina.core.StandardEngine  : Starting Servlet engine: [Apache Tomcat/9.0.65]
2023-06-13 13:40:17.050  INFO 12149 --- [           main] o.a.c.c.C.[Tomcat].[localhost].[/]       : Initializing Spring embedded WebApplicationContext
2023-06-13 13:40:17.050  INFO 12149 --- [           main] w.s.c.ServletWebServerApplicationContext : Root WebApplicationContext: initialization completed in 3938 ms
2023-06-13 13:40:18.102  INFO 12149 --- [           main] com.zaxxer.hikari.HikariDataSource       : HikariPool-1 - Starting...
2023-06-13 13:40:18.991  INFO 12149 --- [           main] com.zaxxer.hikari.HikariDataSource       : HikariPool-1 - Start completed.
2023-06-13 13:40:19.152  INFO 12149 --- [           main] o.hibernate.jpa.internal.util.LogHelper  : HHH000204: Processing PersistenceUnitInfo [name: default]
2023-06-13 13:40:19.404  INFO 12149 --- [           main] org.hibernate.Version                    : HHH000412: Hibernate ORM core version 5.6.11.Final
2023-06-13 13:40:19.997  INFO 12149 --- [           main] o.hibernate.annotations.common.Version   : HCANN000001: Hibernate Commons Annotations {5.1.2.Final}
2023-06-13 13:40:20.333  INFO 12149 --- [           main] org.hibernate.dialect.Dialect            : HHH000400: Using dialect: org.hibernate.dialect.MySQL8Dialect
2023-06-13 13:40:20.871  INFO 12149 --- [           main] o.h.e.t.j.p.i.JtaPlatformInitiator       : HHH000490: Using JtaPlatform implementation: [org.hibernate.engine.transaction.jta.platform.internal.NoJtaPlatform]
2023-06-13 13:40:20.890  INFO 12149 --- [           main] j.LocalContainerEntityManagerFactoryBean : Initialized JPA EntityManagerFactory for persistence unit 'default'
2023-06-13 13:40:21.011  WARN 12149 --- [           main] JpaBaseConfiguration$JpaWebConfiguration : spring.jpa.open-in-view is enabled by default. Therefore, database queries may be performed during view rendering. Explicitly configure spring.jpa.open-in-view to disable this warning
2023-06-13 13:40:21.411  INFO 12149 --- [           main] o.s.b.a.w.s.WelcomePageHandlerMapping    : Adding welcome page: class path resource [static/index.html]
2023-06-13 13:40:21.659  WARN 12149 --- [           main] o.s.b.a.m.MustacheAutoConfiguration      : Cannot find template location: classpath:/templates/ (please add some templates, check your Mustache configuration, or set spring.mustache.check-template-location=false)
2023-06-13 13:40:21.886  INFO 12149 --- [           main] o.s.b.w.embedded.tomcat.TomcatWebServer  : Tomcat started on port(s): 8001 (http) with context path ''
2023-06-13 13:40:21.913  INFO 12149 --- [           main] c.P.PongdangServer2Application           : Started PongdangServer2Application in 10.231 seconds (JVM running for 11.347)
2023-06-13 13:40:49.807  INFO 12149 --- [nio-8001-exec-1] o.a.c.c.C.[Tomcat].[localhost].[/]       : Initializing Spring DispatcherServlet 'dispatcherServlet'
2023-06-13 13:40:49.808  INFO 12149 --- [nio-8001-exec-1] o.s.web.servlet.DispatcherServlet        : Initializing Servlet 'dispatcherServlet'
2023-06-13 13:40:49.815  INFO 12149 --- [nio-8001-exec-1] o.s.web.servlet.DispatcherServlet        : Completed initialization in 7 ms
2023-06-13 13:48:03.745  INFO 12149 --- [ionShutdownHook] j.LocalContainerEntityManagerFactoryBean : Closing JPA EntityManagerFactory for persistence unit 'default'
2023-06-13 13:48:03.755  INFO 12149 --- [ionShutdownHook] com.zaxxer.hikari.HikariDataSource       : HikariPool-1 - Shutdown initiated...
2023-06-13 13:48:03.769  INFO 12149 --- [ionShutdownHook] com.zaxxer.hikari.HikariDataSource       : HikariPool-1 - Shutdown completed.

  .   ____          _            __ _ _
 /\\ / ___'_ __ _ _(_)_ __  __ _ \ \ \ \
( ( )\___ | '_ | '_| | '_ \/ _` | \ \ \ \
 \\/  ___)| |_)| | | | | || (_| |  ) ) ) )
  '  |____| .__|_| |_|_| |_\__, | / / / /
 =========|_|==============|___/=/_/_/_/
 :: Spring Boot ::                (v2.7.4)

2023-06-13 13:48:20.456  INFO 16751 --- [           main] c.P.PongdangServer2Application           : Starting PongdangServer2Application using Java 1.8.0_362 on ip-172-31-32-42.ap-northeast-2.compute.internal with PID 16751 (/usr/share/nginx/Pongdang_Server2/build/libs/Pongdang_Server2-0.0.1-SNAPSHOT.jar started by root in /usr/share/nginx/Pongdang_Server2)
2023-06-13 13:48:20.464  INFO 16751 --- [           main] c.P.PongdangServer2Application           : The following 1 profile is active: "prod"
2023-06-13 13:48:22.571  INFO 16751 --- [           main] .s.d.r.c.RepositoryConfigurationDelegate : Bootstrapping Spring Data JPA repositories in DEFAULT mode.
2023-06-13 13:48:22.623  INFO 16751 --- [           main] .s.d.r.c.RepositoryConfigurationDelegate : Finished Spring Data repository scanning in 23 ms. Found 0 JPA repository interfaces.
2023-06-13 13:48:24.407  INFO 16751 --- [           main] o.s.b.w.embedded.tomcat.TomcatWebServer  : Tomcat initialized with port(s): 8001 (http)
2023-06-13 13:48:24.440  INFO 16751 --- [           main] o.apache.catalina.core.StandardService   : Starting service [Tomcat]
2023-06-13 13:48:24.440  INFO 16751 --- [           main] org.apache.catalina.core.StandardEngine  : Starting Servlet engine: [Apache Tomcat/9.0.65]
2023-06-13 13:48:24.603  INFO 16751 --- [           main] o.a.c.c.C.[Tomcat].[localhost].[/]       : Initializing Spring embedded WebApplicationContext
2023-06-13 13:48:24.603  INFO 16751 --- [           main] w.s.c.ServletWebServerApplicationContext : Root WebApplicationContext: initialization completed in 4005 ms
2023-06-13 13:48:25.622  INFO 16751 --- [           main] com.zaxxer.hikari.HikariDataSource       : HikariPool-1 - Starting...
2023-06-13 13:48:26.484  INFO 16751 --- [           main] com.zaxxer.hikari.HikariDataSource       : HikariPool-1 - Start completed.
2023-06-13 13:48:26.648  INFO 16751 --- [           main] o.hibernate.jpa.internal.util.LogHelper  : HHH000204: Processing PersistenceUnitInfo [name: default]
2023-06-13 13:48:26.901  INFO 16751 --- [           main] org.hibernate.Version                    : HHH000412: Hibernate ORM core version 5.6.11.Final
2023-06-13 13:48:27.511  INFO 16751 --- [           main] o.hibernate.annotations.common.Version   : HCANN000001: Hibernate Commons Annotations {5.1.2.Final}
2023-06-13 13:48:27.855  INFO 16751 --- [           main] org.hibernate.dialect.Dialect            : HHH000400: Using dialect: org.hibernate.dialect.MySQL8Dialect
2023-06-13 13:48:28.361  INFO 16751 --- [           main] o.h.e.t.j.p.i.JtaPlatformInitiator       : HHH000490: Using JtaPlatform implementation: [org.hibernate.engine.transaction.jta.platform.internal.NoJtaPlatform]
2023-06-13 13:48:28.391  INFO 16751 --- [           main] j.LocalContainerEntityManagerFactoryBean : Initialized JPA EntityManagerFactory for persistence unit 'default'
2023-06-13 13:48:28.509  WARN 16751 --- [           main] JpaBaseConfiguration$JpaWebConfiguration : spring.jpa.open-in-view is enabled by default. Therefore, database queries may be performed during view rendering. Explicitly configure spring.jpa.open-in-view to disable this warning
2023-06-13 13:48:28.918  INFO 16751 --- [           main] o.s.b.a.w.s.WelcomePageHandlerMapping    : Adding welcome page: class path resource [static/index.html]
2023-06-13 13:48:29.176  WARN 16751 --- [           main] o.s.b.a.m.MustacheAutoConfiguration      : Cannot find template location: classpath:/templates/ (please add some templates, check your Mustache configuration, or set spring.mustache.check-template-location=false)
2023-06-13 13:48:29.410  INFO 16751 --- [           main] o.s.b.w.embedded.tomcat.TomcatWebServer  : Tomcat started on port(s): 8001 (http) with context path ''
2023-06-13 13:48:29.434  INFO 16751 --- [           main] c.P.PongdangServer2Application           : Started PongdangServer2Application in 10.268 seconds (JVM running for 11.435)
2023-06-13 13:48:34.307  INFO 16751 --- [ionShutdownHook] j.LocalContainerEntityManagerFactoryBean : Closing JPA EntityManagerFactory for persistence unit 'default'
2023-06-13 13:48:34.313  INFO 16751 --- [ionShutdownHook] com.zaxxer.hikari.HikariDataSource       : HikariPool-1 - Shutdown initiated...
2023-06-13 13:48:34.327  INFO 16751 --- [ionShutdownHook] com.zaxxer.hikari.HikariDataSource       : HikariPool-1 - Shutdown completed.
Error: Unable to access jarfile /build/libs/Pongdang_Server2-0.0.1-SNAPSHOT.jar

  .   ____          _            __ _ _
 /\\ / ___'_ __ _ _(_)_ __  __ _ \ \ \ \
( ( )\___ | '_ | '_| | '_ \/ _` | \ \ \ \
 \\/  ___)| |_)| | | | | || (_| |  ) ) ) )
  '  |____| .__|_| |_|_| |_\__, | / / / /
 =========|_|==============|___/=/_/_/_/
 :: Spring Boot ::                (v2.7.4)

2023-06-13 13:49:11.191  INFO 17316 --- [           main] c.P.PongdangServer2Application           : Starting PongdangServer2Application using Java 1.8.0_362 on ip-172-31-32-42.ap-northeast-2.compute.internal with PID 17316 (/usr/share/nginx/Pongdang_Server2/build/libs/Pongdang_Server2-0.0.1-SNAPSHOT.jar started by root in /usr/share/nginx/Pongdang_Server2)
2023-06-13 13:49:11.199  INFO 17316 --- [           main] c.P.PongdangServer2Application           : The following 1 profile is active: "prod"
2023-06-13 13:49:13.188  INFO 17316 --- [           main] .s.d.r.c.RepositoryConfigurationDelegate : Bootstrapping Spring Data JPA repositories in DEFAULT mode.
2023-06-13 13:49:13.239  INFO 17316 --- [           main] .s.d.r.c.RepositoryConfigurationDelegate : Finished Spring Data repository scanning in 23 ms. Found 0 JPA repository interfaces.
2023-06-13 13:49:15.094  INFO 17316 --- [           main] o.s.b.w.embedded.tomcat.TomcatWebServer  : Tomcat initialized with port(s): 8001 (http)
2023-06-13 13:49:15.129  INFO 17316 --- [           main] o.apache.catalina.core.StandardService   : Starting service [Tomcat]
2023-06-13 13:49:15.129  INFO 17316 --- [           main] org.apache.catalina.core.StandardEngine  : Starting Servlet engine: [Apache Tomcat/9.0.65]
2023-06-13 13:49:15.361  INFO 17316 --- [           main] o.a.c.c.C.[Tomcat].[localhost].[/]       : Initializing Spring embedded WebApplicationContext
2023-06-13 13:49:15.361  INFO 17316 --- [           main] w.s.c.ServletWebServerApplicationContext : Root WebApplicationContext: initialization completed in 4024 ms
2023-06-13 13:49:16.325  INFO 17316 --- [           main] com.zaxxer.hikari.HikariDataSource       : HikariPool-1 - Starting...
2023-06-13 13:49:17.156  INFO 17316 --- [           main] com.zaxxer.hikari.HikariDataSource       : HikariPool-1 - Start completed.
2023-06-13 13:49:17.334  INFO 17316 --- [           main] o.hibernate.jpa.internal.util.LogHelper  : HHH000204: Processing PersistenceUnitInfo [name: default]
2023-06-13 13:49:17.592  INFO 17316 --- [           main] org.hibernate.Version                    : HHH000412: Hibernate ORM core version 5.6.11.Final
2023-06-13 13:49:18.188  INFO 17316 --- [           main] o.hibernate.annotations.common.Version   : HCANN000001: Hibernate Commons Annotations {5.1.2.Final}
2023-06-13 13:49:18.526  INFO 17316 --- [           main] org.hibernate.dialect.Dialect            : HHH000400: Using dialect: org.hibernate.dialect.MySQL8Dialect
2023-06-13 13:49:19.098  INFO 17316 --- [           main] o.h.e.t.j.p.i.JtaPlatformInitiator       : HHH000490: Using JtaPlatform implementation: [org.hibernate.engine.transaction.jta.platform.internal.NoJtaPlatform]
2023-06-13 13:49:19.126  INFO 17316 --- [           main] j.LocalContainerEntityManagerFactoryBean : Initialized JPA EntityManagerFactory for persistence unit 'default'
2023-06-13 13:49:19.240  WARN 17316 --- [           main] JpaBaseConfiguration$JpaWebConfiguration : spring.jpa.open-in-view is enabled by default. Therefore, database queries may be performed during view rendering. Explicitly configure spring.jpa.open-in-view to disable this warning
2023-06-13 13:49:19.623  INFO 17316 --- [           main] o.s.b.a.w.s.WelcomePageHandlerMapping    : Adding welcome page: class path resource [static/index.html]
2023-06-13 13:49:19.875  WARN 17316 --- [           main] o.s.b.a.m.MustacheAutoConfiguration      : Cannot find template location: classpath:/templates/ (please add some templates, check your Mustache configuration, or set spring.mustache.check-template-location=false)
2023-06-13 13:49:20.098  INFO 17316 --- [           main] o.s.b.w.embedded.tomcat.TomcatWebServer  : Tomcat started on port(s): 8001 (http) with context path ''
2023-06-13 13:49:20.139  INFO 17316 --- [           main] c.P.PongdangServer2Application           : Started PongdangServer2Application in 10.168 seconds (JVM running for 11.308)
2023-06-13 13:49:20.272  INFO 17316 --- [nio-8001-exec-1] o.a.c.c.C.[Tomcat].[localhost].[/]       : Initializing Spring DispatcherServlet 'dispatcherServlet'
2023-06-13 13:49:20.272  INFO 17316 --- [nio-8001-exec-1] o.s.web.servlet.DispatcherServlet        : Initializing Servlet 'dispatcherServlet'
2023-06-13 13:49:20.281  INFO 17316 --- [nio-8001-exec-1] o.s.web.servlet.DispatcherServlet        : Completed initialization in 9 ms
2023-06-13 13:57:24.903  INFO 17316 --- [ionShutdownHook] j.LocalContainerEntityManagerFactoryBean : Closing JPA EntityManagerFactory for persistence unit 'default'
2023-06-13 13:57:24.906  INFO 17316 --- [ionShutdownHook] com.zaxxer.hikari.HikariDataSource       : HikariPool-1 - Shutdown initiated...
2023-06-13 13:57:24.917  INFO 17316 --- [ionShutdownHook] com.zaxxer.hikari.HikariDataSource       : HikariPool-1 - Shutdown completed.
